<?xml version="1.0" encoding="UTF-8"?>
<testng-results skipped="0" failed="0" total="1" passed="1">
  <reporter-output>
  </reporter-output>
  <suite name="HRM Automation" duration-ms="45750" started-at="2017-07-23T13:45:25Z" finished-at="2017-07-23T13:46:11Z">
    <groups>
    </groups>
    <test name="TestScripts" duration-ms="45750" started-at="2017-07-23T13:45:25Z" finished-at="2017-07-23T13:46:11Z">
      <class name="TestScripts.BrowsePhoto">
        <test-method status="PASS" signature="AddPhoto()[pri:0, instance:TestScripts.BrowsePhoto@ce8af7]" name="AddPhoto" duration-ms="45732" started-at="2017-07-23T19:15:25Z" finished-at="2017-07-23T19:16:11Z">
          <reporter-output>
          </reporter-output>
        </test-method> <!-- AddPhoto -->
      </class> <!-- TestScripts.BrowsePhoto -->
    </test> <!-- TestScripts -->
  </suite> <!-- HRM Automation -->
</testng-results>
