<?xml version="1.0" encoding="UTF-8"?>
<testng-results skipped="0" failed="0" total="4" passed="4">
  <reporter-output>
  </reporter-output>
  <suite name="My HRM Automation. Added jenkins" duration-ms="313491" started-at="2017-08-20T11:39:53Z" finished-at="2017-08-20T11:45:07Z">
    <groups>
    </groups>
    <test name="TestScripts" duration-ms="313491" started-at="2017-08-20T11:39:53Z" finished-at="2017-08-20T11:45:07Z">
      <class name="TestScripts.Tc1_Login">
        <test-method status="PASS" signature="verifyOrangeHRM()[pri:0, instance:TestScripts.Tc1_Login@12cbfa]" name="verifyOrangeHRM" duration-ms="24493" started-at="2017-08-20T17:09:53Z" finished-at="2017-08-20T17:10:18Z">
          <reporter-output>
          </reporter-output>
        </test-method> <!-- verifyOrangeHRM -->
      </class> <!-- TestScripts.Tc1_Login -->
      <class name="TestScripts.BrowsePhoto">
        <test-method status="PASS" signature="AddPhoto()[pri:0, instance:TestScripts.BrowsePhoto@6e6d5e]" name="AddPhoto" duration-ms="41447" started-at="2017-08-20T17:10:53Z" finished-at="2017-08-20T17:11:34Z">
          <reporter-output>
          </reporter-output>
        </test-method> <!-- AddPhoto -->
      </class> <!-- TestScripts.BrowsePhoto -->
      <class name="TestScripts.TC2_AddEmp">
        <test-method status="PASS" signature="AddEmployee()[pri:0, instance:TestScripts.TC2_AddEmp@cf57e3]" name="AddEmployee" duration-ms="34966" started-at="2017-08-20T17:10:18Z" finished-at="2017-08-20T17:10:53Z">
          <reporter-output>
          </reporter-output>
        </test-method> <!-- AddEmployee -->
      </class> <!-- TestScripts.TC2_AddEmp -->
      <class name="TestScripts.ScrollTo">
        <test-method status="PASS" signature="Scroll()[pri:0, instance:TestScripts.ScrollTo@13afe78]" name="Scroll" duration-ms="212568" started-at="2017-08-20T17:11:34Z" finished-at="2017-08-20T17:15:07Z">
          <reporter-output>
          </reporter-output>
        </test-method> <!-- Scroll -->
      </class> <!-- TestScripts.ScrollTo -->
    </test> <!-- TestScripts -->
  </suite> <!-- My HRM Automation. Added jenkins -->
</testng-results>
