<?xml version="1.0" encoding="UTF-8"?>
<!-- Generated by org.testng.reporters.JUnitXMLReporter -->
<testsuite hostname="Naveen-PC" name="TestScripts" tests="4" failures="0" timestamp="20 Aug 2017 11:45:07 GMT" time="313.491" errors="0">
  <testcase name="verifyOrangeHRM" time="24.493" classname="TestScripts.Tc1_Login"/>
  <testcase name="AddEmployee" time="34.966" classname="TestScripts.TC2_AddEmp"/>
  <testcase name="AddPhoto" time="41.447" classname="TestScripts.BrowsePhoto"/>
  <testcase name="Scroll" time="212.568" classname="TestScripts.ScrollTo"/>
</testsuite> <!-- TestScripts -->
